[2015-11-05 13:49:22] request.INFO: Matched route "point_web_app_homepage" (parameters: "_controller": "PointWeb\AppBundle\Controller\DefaultController::indexAction", "_route": "point_web_app_homepage") [] []
[2015-11-05 13:49:23] security.NOTICE: It is recommended that you enable the "openssl" extension for random number generation. [] []
[2015-11-05 13:49:23] security.INFO: Populated SecurityContext with an anonymous Token [] []
[2015-11-05 13:49:23] event.DEBUG: Notified event "kernel.request" to listener "Symfony\Component\HttpKernel\EventListener\DebugHandlersListener::configure". [] []
[2015-11-05 13:49:23] event.DEBUG: Notified event "kernel.request" to listener "Symfony\Bundle\FrameworkBundle\EventListener\SessionListener::onKernelRequest". [] []
[2015-11-05 13:49:23] event.DEBUG: Notified event "kernel.request" to listener "Symfony\Component\HttpKernel\EventListener\FragmentListener::onKernelRequest". [] []
[2015-11-05 13:49:23] event.DEBUG: Notified event "kernel.request" to listener "Symfony\Component\HttpKernel\EventListener\RouterListener::onKernelRequest". [] []
[2015-11-05 13:49:23] event.DEBUG: Notified event "kernel.request" to listener "Symfony\Component\HttpKernel\EventListener\LocaleListener::onKernelRequest". [] []
[2015-11-05 13:49:23] event.DEBUG: Notified event "kernel.request" to listener "Symfony\Component\HttpKernel\EventListener\TranslatorListener::onKernelRequest". [] []
[2015-11-05 13:49:23] event.DEBUG: Notified event "kernel.request" to listener "Symfony\Component\Security\Http\Firewall::onKernelRequest". [] []
[2015-11-05 13:49:23] event.DEBUG: Notified event "kernel.controller" to listener "Sensio\Bundle\FrameworkExtraBundle\EventListener\ControllerListener::onKernelController". [] []
[2015-11-05 13:49:23] event.DEBUG: Notified event "kernel.controller" to listener "Sensio\Bundle\FrameworkExtraBundle\EventListener\ParamConverterListener::onKernelController". [] []
[2015-11-05 13:49:23] event.DEBUG: Notified event "kernel.controller" to listener "Sensio\Bundle\FrameworkExtraBundle\EventListener\HttpCacheListener::onKernelController". [] []
[2015-11-05 13:49:23] event.DEBUG: Notified event "kernel.controller" to listener "Sensio\Bundle\FrameworkExtraBundle\EventListener\SecurityListener::onKernelController". [] []
[2015-11-05 13:49:23] event.DEBUG: Notified event "kernel.controller" to listener "Sensio\Bundle\FrameworkExtraBundle\EventListener\TemplateListener::onKernelController". [] []
[2015-11-05 13:49:23] php.DEBUG: filemtime(): stat failed for C:\wamp\www\MOULE\MOULE\app\cache\prod/twig/1/9/1923278415468e4ea75debd43715452aa85bbfbd55242119227c3fff253109ea.php {"type":2,"file":"C:\\wamp\\www\\MOULE\\MOULE\\vendor\\twig\\twig\\lib\\Twig\\Cache\\Filesystem.php","line":90,"level":4352} []
[2015-11-05 13:49:23] php.DEBUG: filemtime(): stat failed for C:\wamp\www\MOULE\MOULE\app\cache\prod/twig/3/9/3959a3badd66fccea874c2bd3ffeefb7cb3a27f5a82d69755f58d5f84a9ccb20.php {"type":2,"file":"C:\\wamp\\www\\MOULE\\MOULE\\vendor\\twig\\twig\\lib\\Twig\\Cache\\Filesystem.php","line":90,"level":4352} []
[2015-11-05 13:49:24] request.CRITICAL: Uncaught PHP Exception Twig_Error_Runtime: "An exception has been thrown during the rendering of a template ("SQLSTATE[HY000] [1049] Unknown database 'projetmoule'") in "PointWebAppBundle::base.html.twig" at line 5." at C:\wamp\www\MOULE\MOULE\vendor\twig\twig\lib\Twig\Template.php line 396 {"exception":"[object] (Twig_Error_Runtime(code: 0): An exception has been thrown during the rendering of a template (\"SQLSTATE[HY000] [1049] Unknown database 'projetmoule'\") in \"PointWebAppBundle::base.html.twig\" at line 5. at C:\\wamp\\www\\MOULE\\MOULE\\vendor\\twig\\twig\\lib\\Twig\\Template.php:396, PDOException(code: 1049): SQLSTATE[HY000] [1049] Unknown database 'projetmoule' at C:\\wamp\\www\\MOULE\\MOULE\\vendor\\doctrine\\dbal\\lib\\Doctrine\\DBAL\\Driver\\PDOConnection.php:40)"} []
[2015-11-05 13:49:24] event.DEBUG: Notified event "kernel.request" to listener "Symfony\Component\HttpKernel\EventListener\DebugHandlersListener::configure". [] []
[2015-11-05 13:49:24] event.DEBUG: Notified event "kernel.request" to listener "Symfony\Bundle\FrameworkBundle\EventListener\SessionListener::onKernelRequest". [] []
[2015-11-05 13:49:24] event.DEBUG: Notified event "kernel.request" to listener "Symfony\Component\HttpKernel\EventListener\FragmentListener::onKernelRequest". [] []
[2015-11-05 13:49:24] event.DEBUG: Notified event "kernel.request" to listener "Symfony\Component\HttpKernel\EventListener\RouterListener::onKernelRequest". [] []
[2015-11-05 13:49:24] event.DEBUG: Notified event "kernel.request" to listener "Symfony\Component\HttpKernel\EventListener\LocaleListener::onKernelRequest". [] []
[2015-11-05 13:49:24] event.DEBUG: Notified event "kernel.request" to listener "Symfony\Component\HttpKernel\EventListener\TranslatorListener::onKernelRequest". [] []
[2015-11-05 13:49:24] event.DEBUG: Notified event "kernel.request" to listener "Symfony\Component\Security\Http\Firewall::onKernelRequest". [] []
[2015-11-05 13:49:24] event.DEBUG: Notified event "kernel.controller" to listener "Sensio\Bundle\FrameworkExtraBundle\EventListener\ControllerListener::onKernelController". [] []
[2015-11-05 13:49:24] event.DEBUG: Notified event "kernel.controller" to listener "Sensio\Bundle\FrameworkExtraBundle\EventListener\ParamConverterListener::onKernelController". [] []
[2015-11-05 13:49:24] event.DEBUG: Notified event "kernel.controller" to listener "Sensio\Bundle\FrameworkExtraBundle\EventListener\HttpCacheListener::onKernelController". [] []
[2015-11-05 13:49:24] event.DEBUG: Notified event "kernel.controller" to listener "Sensio\Bundle\FrameworkExtraBundle\EventListener\SecurityListener::onKernelController". [] []
[2015-11-05 13:49:24] event.DEBUG: Notified event "kernel.controller" to listener "Sensio\Bundle\FrameworkExtraBundle\EventListener\TemplateListener::onKernelController". [] []
[2015-11-05 13:49:24] php.DEBUG: filemtime(): stat failed for C:\wamp\www\MOULE\MOULE\app\cache\prod/twig/d/3/d39ac65f6dc4559a771e7ae42ebc78c40e61dc63f1ec80182e7300f891b1b564.php {"type":2,"file":"C:\\wamp\\www\\MOULE\\MOULE\\vendor\\twig\\twig\\lib\\Twig\\Cache\\Filesystem.php","line":90,"level":4352} []
[2015-11-05 13:49:24] php.DEBUG: filemtime(): stat failed for C:\wamp\www\MOULE\MOULE\app\cache\prod/twig/0/0/008e33b150a526e5a0b340dfbb5c4fb8fa3add17faba601e6fd03bfc37a06312.php {"type":2,"file":"C:\\wamp\\www\\MOULE\\MOULE\\vendor\\twig\\twig\\lib\\Twig\\Cache\\Filesystem.php","line":90,"level":4352} []
[2015-11-05 13:49:24] php.DEBUG: filemtime(): stat failed for C:\wamp\www\MOULE\MOULE\app\cache\prod/twig/2/9/29f15e1200e1b6ab1ee69877af7b448082649398bedd4ee192721e06c25c3dfd.php {"type":2,"file":"C:\\wamp\\www\\MOULE\\MOULE\\vendor\\twig\\twig\\lib\\Twig\\Cache\\Filesystem.php","line":90,"level":4352} []
[2015-11-05 13:49:24] php.DEBUG: filemtime(): stat failed for C:\wamp\www\MOULE\MOULE\app\cache\prod/twig/b/a/baa5950e8944cbaab9bcb6bc6f55022c2791693e6d703cb4b105ff3c87bdbde9.php {"type":2,"file":"C:\\wamp\\www\\MOULE\\MOULE\\vendor\\twig\\twig\\lib\\Twig\\Cache\\Filesystem.php","line":90,"level":4352} []
[2015-11-05 13:49:24] php.DEBUG: filemtime(): stat failed for C:\wamp\www\MOULE\MOULE\app\cache\prod/twig/c/7/c76b1c63b18a1e0bf58840f3790417f080b6f72d6b008a3fb30dbffe41621ace.php {"type":2,"file":"C:\\wamp\\www\\MOULE\\MOULE\\vendor\\twig\\twig\\lib\\Twig\\Cache\\Filesystem.php","line":90,"level":4352} []
[2015-11-05 13:49:24] php.DEBUG: filemtime(): stat failed for C:\wamp\www\MOULE\MOULE\app\cache\prod/twig/4/6/462649e6468c54cb649f47ec6b59384e5f6d4f2e0f546e1bf6c969d47173aa02.php {"type":2,"file":"C:\\wamp\\www\\MOULE\\MOULE\\vendor\\twig\\twig\\lib\\Twig\\Cache\\Filesystem.php","line":90,"level":4352} []
[2015-11-05 13:49:24] php.DEBUG: filemtime(): stat failed for C:\wamp\www\MOULE\MOULE\app\cache\prod/twig/8/b/8bbc3010eee248bac105864bdf0dae5ed87d9c28ed394ba1956bb7b0dac38b1d.php {"type":2,"file":"C:\\wamp\\www\\MOULE\\MOULE\\vendor\\twig\\twig\\lib\\Twig\\Cache\\Filesystem.php","line":90,"level":4352} []
[2015-11-05 13:49:24] php.DEBUG: filemtime(): stat failed for C:\wamp\www\MOULE\MOULE\app\cache\prod/twig/f/6/f6bbe120f94cc9878fc863ed8d7e48221e4ce85a89237a30dcb4f573a9340799.php {"type":2,"file":"C:\\wamp\\www\\MOULE\\MOULE\\vendor\\twig\\twig\\lib\\Twig\\Cache\\Filesystem.php","line":90,"level":4352} []
[2015-11-05 13:49:24] php.DEBUG: filemtime(): stat failed for C:\wamp\www\MOULE\MOULE\app\cache\prod/twig/f/2/f2a3626cf5b22d77ddf5d7de1cfc733ca8243fe9ebf54248cf5aa9c62e765c6c.php {"type":2,"file":"C:\\wamp\\www\\MOULE\\MOULE\\vendor\\twig\\twig\\lib\\Twig\\Cache\\Filesystem.php","line":90,"level":4352} []
[2015-11-05 13:49:24] event.DEBUG: Notified event "kernel.response" to listener "Symfony\Component\Security\Http\Firewall\ContextListener::onKernelResponse". [] []
[2015-11-05 13:49:24] event.DEBUG: Notified event "kernel.response" to listener "Symfony\Component\HttpKernel\EventListener\ResponseListener::onKernelResponse". [] []
[2015-11-05 13:49:24] event.DEBUG: Notified event "kernel.response" to listener "Symfony\Component\Security\Http\RememberMe\ResponseListener::onKernelResponse". [] []
[2015-11-05 13:49:24] event.DEBUG: Notified event "kernel.response" to listener "Sensio\Bundle\FrameworkExtraBundle\EventListener\HttpCacheListener::onKernelResponse". [] []
[2015-11-05 13:49:24] event.DEBUG: Notified event "kernel.response" to listener "Symfony\Component\HttpKernel\EventListener\SaveSessionListener::onKernelResponse". [] []
[2015-11-05 13:49:24] event.DEBUG: Notified event "kernel.response" to listener "Symfony\Component\HttpKernel\EventListener\StreamedResponseListener::onKernelResponse". [] []
[2015-11-05 13:49:24] event.DEBUG: Notified event "kernel.finish_request" to listener "Symfony\Component\HttpKernel\EventListener\LocaleListener::onKernelFinishRequest". [] []
[2015-11-05 13:49:24] event.DEBUG: Notified event "kernel.finish_request" to listener "Symfony\Component\HttpKernel\EventListener\TranslatorListener::onKernelFinishRequest". [] []
[2015-11-05 13:49:24] event.DEBUG: Notified event "kernel.finish_request" to listener "Symfony\Component\HttpKernel\EventListener\RouterListener::onKernelFinishRequest". [] []
[2015-11-05 13:49:24] event.DEBUG: Notified event "kernel.finish_request" to listener "Symfony\Component\Security\Http\Firewall::onKernelFinishRequest". [] []
[2015-11-05 13:49:24] event.DEBUG: Notified event "kernel.exception" to listener "Symfony\Component\Security\Http\Firewall\ExceptionListener::onKernelException". [] []
[2015-11-05 13:49:24] event.DEBUG: Notified event "kernel.exception" to listener "Symfony\Component\HttpKernel\EventListener\ExceptionListener::onKernelException". [] []
[2015-11-05 13:49:24] event.DEBUG: Listener "Symfony\Component\HttpKernel\EventListener\ExceptionListener::onKernelException" stopped propagation of the event "kernel.exception". [] []
[2015-11-05 13:49:24] security.DEBUG: Write SecurityContext in the session [] []
[2015-11-05 13:49:24] event.DEBUG: Notified event "kernel.response" to listener "Symfony\Component\HttpKernel\EventListener\ResponseListener::onKernelResponse". [] []
[2015-11-05 13:49:24] event.DEBUG: Notified event "kernel.response" to listener "Symfony\Component\Security\Http\RememberMe\ResponseListener::onKernelResponse". [] []
[2015-11-05 13:49:24] event.DEBUG: Notified event "kernel.response" to listener "Sensio\Bundle\FrameworkExtraBundle\EventListener\HttpCacheListener::onKernelResponse". [] []
[2015-11-05 13:49:24] event.DEBUG: Notified event "kernel.response" to listener "Symfony\Component\HttpKernel\EventListener\SaveSessionListener::onKernelResponse". [] []
[2015-11-05 13:49:24] event.DEBUG: Notified event "kernel.response" to listener "Symfony\Component\HttpKernel\EventListener\StreamedResponseListener::onKernelResponse". [] []
[2015-11-05 13:49:24] event.DEBUG: Notified event "kernel.finish_request" to listener "Symfony\Component\HttpKernel\EventListener\LocaleListener::onKernelFinishRequest". [] []
[2015-11-05 13:49:24] event.DEBUG: Notified event "kernel.finish_request" to listener "Symfony\Component\HttpKernel\EventListener\TranslatorListener::onKernelFinishRequest". [] []
[2015-11-05 13:49:24] event.DEBUG: Notified event "kernel.finish_request" to listener "Symfony\Component\HttpKernel\EventListener\RouterListener::onKernelFinishRequest". [] []
[2015-11-05 13:49:24] event.DEBUG: Notified event "kernel.finish_request" to listener "Symfony\Component\Security\Http\Firewall::onKernelFinishRequest". [] []
[2015-11-05 13:49:24] event.DEBUG: Notified event "kernel.terminate" to listener "Symfony\Bundle\SwiftmailerBundle\EventListener\EmailSenderListener::onTerminate". [] []
